[2023-11-30T13:44:46.600+0500] {taskinstance.py:1159} INFO - Dependencies all met for dep_context=non-requeueable deps ti=<TaskInstance: youtube_comments_score.process_data manual__2023-11-30T08:42:16.048952+00:00 [queued]>
[2023-11-30T13:44:46.881+0500] {taskinstance.py:1159} INFO - Dependencies all met for dep_context=requeueable deps ti=<TaskInstance: youtube_comments_score.process_data manual__2023-11-30T08:42:16.048952+00:00 [queued]>
[2023-11-30T13:44:46.886+0500] {taskinstance.py:1361} INFO - Starting attempt 1 of 2
[2023-11-30T13:44:46.987+0500] {taskinstance.py:1382} INFO - Executing <Task(BashOperator): process_data> on 2023-11-30 08:42:16.048952+00:00
[2023-11-30T13:44:47.009+0500] {standard_task_runner.py:57} INFO - Started process 24850 to run task
[2023-11-30T13:44:47.153+0500] {standard_task_runner.py:84} INFO - Running: ['airflow', 'tasks', 'run', 'youtube_comments_score', 'process_data', 'manual__2023-11-30T08:42:16.048952+00:00', '--job-id', '49', '--raw', '--subdir', 'DAGS_FOLDER/youtube_comments_score.py', '--cfg-path', '/tmp/tmpbi2pbxwz']
[2023-11-30T13:44:47.185+0500] {standard_task_runner.py:85} INFO - Job 49: Subtask process_data
[2023-11-30T13:44:48.169+0500] {task_command.py:416} INFO - Running <TaskInstance: youtube_comments_score.process_data manual__2023-11-30T08:42:16.048952+00:00 [running]> on host mlops
[2023-11-30T13:44:49.538+0500] {taskinstance.py:1662} INFO - Exporting env vars: AIRFLOW_CTX_DAG_OWNER='admin' AIRFLOW_CTX_DAG_ID='youtube_comments_score' AIRFLOW_CTX_TASK_ID='process_data' AIRFLOW_CTX_EXECUTION_DATE='2023-11-30T08:42:16.048952+00:00' AIRFLOW_CTX_TRY_NUMBER='1' AIRFLOW_CTX_DAG_RUN_ID='manual__2023-11-30T08:42:16.048952+00:00'
[2023-11-30T13:44:49.579+0500] {subprocess.py:63} INFO - Tmp dir root location: /tmp
[2023-11-30T13:44:49.583+0500] {subprocess.py:75} INFO - Running command: ['/usr/bin/bash', '-c', 'python3 /home/akashy/staidg/scripts/process_data.py']
[2023-11-30T13:44:49.713+0500] {subprocess.py:86} INFO - Output:
[2023-11-30T13:44:51.927+0500] {subprocess.py:93} INFO - /home/akashy/staidg/scripts/process_data.py:8: SettingWithCopyWarning:
[2023-11-30T13:44:51.928+0500] {subprocess.py:93} INFO - A value is trying to be set on a copy of a slice from a DataFrame
[2023-11-30T13:44:51.945+0500] {subprocess.py:93} INFO - 
[2023-11-30T13:44:51.948+0500] {subprocess.py:93} INFO - See the caveats in the documentation: https://pandas.pydata.org/pandas-docs/stable/user_guide/indexing.html#returning-a-view-versus-a-copy
[2023-11-30T13:44:51.950+0500] {subprocess.py:93} INFO -   df['counts'][i] = (df['counts'][i]-min_)/(max_-min_)
[2023-11-30T13:44:52.280+0500] {subprocess.py:97} INFO - Command exited with return code 0
[2023-11-30T13:44:52.805+0500] {taskinstance.py:1400} INFO - Marking task as SUCCESS. dag_id=youtube_comments_score, task_id=process_data, execution_date=20231130T084216, start_date=20231130T084446, end_date=20231130T084452
[2023-11-30T13:44:52.952+0500] {local_task_job_runner.py:228} INFO - Task exited with return code 0
[2023-11-30T13:44:53.071+0500] {taskinstance.py:2778} INFO - 1 downstream tasks scheduled from follow-on schedule check
